<?xml version="1.0" encoding="UTF-8"?>
<coverage generated="1744994331206" clover="3.2.0">
  <project timestamp="1744994331207" name="All files">
    <metrics statements="84" coveredstatements="84" conditionals="61" coveredconditionals="60" methods="4" coveredmethods="4" elements="149" coveredelements="148" complexity="0" loc="84" ncloc="84" packages="1" files="2" classes="2"/>
    <file name="calculator.js" path="D:\projects\calculator\calculator.js">
      <metrics statements="5" coveredstatements="5" conditionals="0" coveredconditionals="0" methods="1" coveredmethods="1"/>
      <line num="5" count="1" type="stmt"/>
      <line num="8" count="2" type="stmt"/>
      <line num="9" count="1" type="stmt"/>
      <line num="10" count="1" type="stmt"/>
      <line num="13" count="1" type="stmt"/>
    </file>
    <file name="helpers.js" path="D:\projects\calculator\helpers.js">
      <metrics statements="79" coveredstatements="79" conditionals="61" coveredconditionals="60" methods="3" coveredmethods="3"/>
      <line num="2" count="18" type="stmt"/>
      <line num="3" count="18" type="stmt"/>
      <line num="4" count="18" type="stmt"/>
      <line num="6" count="18" type="stmt"/>
      <line num="7" count="92" type="stmt"/>
      <line num="9" count="92" type="cond" truecount="2" falsecount="0"/>
      <line num="10" count="47" type="stmt"/>
      <line num="13" count="47" type="cond" truecount="2" falsecount="0"/>
      <line num="14" count="6" type="stmt"/>
      <line num="15" count="6" type="stmt"/>
      <line num="18" count="6" type="cond" truecount="2" falsecount="0"/>
      <line num="19" count="1" type="stmt"/>
      <line num="25" count="5" type="cond" truecount="2" falsecount="0"/>
      <line num="26" count="1" type="stmt"/>
      <line num="27" count="4" type="cond" truecount="2" falsecount="0"/>
      <line num="28" count="1" type="stmt"/>
      <line num="29" count="3" type="cond" truecount="2" falsecount="0"/>
      <line num="30" count="1" type="stmt"/>
      <line num="32" count="2" type="stmt"/>
      <line num="36" count="47" type="stmt"/>
      <line num="37" count="45" type="cond" truecount="2" falsecount="0"/>
      <line num="38" count="29" type="stmt"/>
      <line num="44" count="3" type="stmt"/>
      <line num="46" count="29" type="stmt"/>
      <line num="47" count="16" type="cond" truecount="2" falsecount="0"/>
      <line num="48" count="8" type="stmt"/>
      <line num="49" count="8" type="cond" truecount="1" falsecount="1"/>
      <line num="50" count="8" type="stmt"/>
      <line num="54" count="8" type="stmt"/>
      <line num="56" count="8" type="stmt"/>
      <line num="61" count="18" type="stmt"/>
      <line num="62" count="18" type="stmt"/>
      <line num="65" count="18" type="stmt"/>
      <line num="69" count="13" type="stmt"/>
      <line num="71" count="13" type="stmt"/>
      <line num="72" count="47" type="cond" truecount="2" falsecount="0"/>
      <line num="73" count="30" type="stmt"/>
      <line num="74" count="30" type="stmt"/>
      <line num="77" count="17" type="stmt"/>
      <line num="78" count="17" type="stmt"/>
      <line num="80" count="17" type="cond" truecount="4" falsecount="0"/>
      <line num="82" count="6" type="stmt"/>
      <line num="83" count="6" type="stmt"/>
      <line num="85" count="1" type="stmt"/>
      <line num="86" count="1" type="stmt"/>
      <line num="88" count="5" type="stmt"/>
      <line num="89" count="5" type="stmt"/>
      <line num="91" count="5" type="cond" truecount="2" falsecount="0"/>
      <line num="92" count="1" type="stmt"/>
      <line num="94" count="4" type="stmt"/>
      <line num="95" count="4" type="stmt"/>
      <line num="99" count="12" type="stmt"/>
      <line num="103" count="35" type="cond" truecount="2" falsecount="0"/>
      <line num="104" count="6" type="stmt"/>
      <line num="107" count="29" type="stmt"/>
      <line num="108" count="29" type="stmt"/>
      <line num="110" count="29" type="stmt"/>
      <line num="111" count="102" type="stmt"/>
      <line num="112" count="102" type="stmt"/>
      <line num="113" count="102" type="stmt"/>
      <line num="115" count="102" type="cond" truecount="2" falsecount="0"/>
      <line num="117" count="42" type="cond" truecount="4" falsecount="0"/>
      <line num="118" count="1" type="stmt"/>
      <line num="122" count="60" type="cond" truecount="2" falsecount="0"/>
      <line num="123" count="24" type="cond" truecount="2" falsecount="0"/>
      <line num="137" count="4" type="stmt"/>
      <line num="139" count="36" type="cond" truecount="2" falsecount="0"/>
      <line num="140" count="14" type="stmt"/>
      <line num="142" count="14" type="cond" truecount="4" falsecount="0"/>
      <line num="143" count="1" type="stmt"/>
      <line num="147" count="22" type="cond" truecount="2" falsecount="0"/>
      <line num="148" count="14" type="stmt"/>
      <line num="149" count="14" type="cond" truecount="2" falsecount="0"/>
      <line num="150" count="3" type="stmt"/>
      <line num="160" count="8" type="stmt"/>
      <line num="164" count="12" type="cond" truecount="2" falsecount="0"/>
      <line num="165" count="2" type="stmt"/>
      <line num="168" count="10" type="stmt"/>
      <line num="171" count="1" type="stmt"/>
    </file>
  </project>
</coverage>
