{"D:\\projects\\calculator\\calculator.js": {"path":"D:\\projects\\calculator\\calculator.js","statementMap":{"0":{"start":{"line":5,"column":4},"end":{"line":5,"column":24}},"1":{"start":{"line":8,"column":26},"end":{"line":8,"column":53}},"2":{"start":{"line":9,"column":24},"end":{"line":9,"column":53}},"3":{"start":{"line":10,"column":4},"end":{"line":10,"column":40}},"4":{"start":{"line":13,"column":0},"end":{"line":13,"column":26}}},"fnMap":{"0":{"name":"calc","decl":{"start":{"line":7,"column":9},"end":{"line":7,"column":13}},"loc":{"start":{"line":7,"column":23},"end":{"line":11,"column":1}},"line":7}},"branchMap":{},"s":{"0":1,"1":2,"2":1,"3":1,"4":1},"f":{"0":2},"b":{},"_coverageSchema":"1a1c01bbd47fc00a2c39e90264f33305004495a9","hash":"e5c53e47d15ce7ab65b4a5d285472f721af1d131"}
,"D:\\projects\\calculator\\helpers.js": {"path":"D:\\projects\\calculator\\helpers.js","statementMap":{"0":{"start":{"line":2,"column":24},"end":{"line":2,"column":26}},"1":{"start":{"line":3,"column":22},"end":{"line":3,"column":24}},"2":{"start":{"line":4,"column":32},"end":{"line":4,"column":66}},"3":{"start":{"line":6,"column":4},"end":{"line":58,"column":5}},"4":{"start":{"line":6,"column":17},"end":{"line":6,"column":18}},"5":{"start":{"line":7,"column":22},"end":{"line":7,"column":35}},"6":{"start":{"line":9,"column":8},"end":{"line":57,"column":9}},"7":{"start":{"line":10,"column":33},"end":{"line":10,"column":38}},"8":{"start":{"line":13,"column":12},"end":{"line":34,"column":13}},"9":{"start":{"line":14,"column":34},"end":{"line":14,"column":51}},"10":{"start":{"line":15,"column":34},"end":{"line":15,"column":51}},"11":{"start":{"line":18,"column":16},"end":{"line":33,"column":17}},"12":{"start":{"line":19,"column":20},"end":{"line":19,"column":39}},"13":{"start":{"line":25,"column":23},"end":{"line":33,"column":17}},"14":{"start":{"line":26,"column":20},"end":{"line":26,"column":68}},"15":{"start":{"line":27,"column":23},"end":{"line":33,"column":17}},"16":{"start":{"line":28,"column":20},"end":{"line":28,"column":39}},"17":{"start":{"line":29,"column":23},"end":{"line":33,"column":17}},"18":{"start":{"line":30,"column":20},"end":{"line":30,"column":39}},"19":{"start":{"line":32,"column":20},"end":{"line":32,"column":39}},"20":{"start":{"line":36,"column":12},"end":{"line":36,"column":45}},"21":{"start":{"line":37,"column":15},"end":{"line":57,"column":9}},"22":{"start":{"line":38,"column":12},"end":{"line":45,"column":13}},"23":{"start":{"line":44,"column":16},"end":{"line":44,"column":50}},"24":{"start":{"line":46,"column":12},"end":{"line":46,"column":34}},"25":{"start":{"line":47,"column":15},"end":{"line":57,"column":9}},"26":{"start":{"line":48,"column":12},"end":{"line":48,"column":34}},"27":{"start":{"line":49,"column":15},"end":{"line":57,"column":9}},"28":{"start":{"line":50,"column":12},"end":{"line":55,"column":13}},"29":{"start":{"line":54,"column":16},"end":{"line":54,"column":50}},"30":{"start":{"line":56,"column":12},"end":{"line":56,"column":28}},"31":{"start":{"line":61,"column":4},"end":{"line":63,"column":5}},"32":{"start":{"line":62,"column":8},"end":{"line":62,"column":42}},"33":{"start":{"line":65,"column":4},"end":{"line":65,"column":23}},"34":{"start":{"line":69,"column":25},"end":{"line":69,"column":27}},"35":{"start":{"line":71,"column":4},"end":{"line":97,"column":5}},"36":{"start":{"line":72,"column":8},"end":{"line":75,"column":9}},"37":{"start":{"line":73,"column":12},"end":{"line":73,"column":37}},"38":{"start":{"line":74,"column":12},"end":{"line":74,"column":21}},"39":{"start":{"line":77,"column":29},"end":{"line":77,"column":47}},"40":{"start":{"line":78,"column":28},"end":{"line":78,"column":46}},"41":{"start":{"line":80,"column":8},"end":{"line":96,"column":9}},"42":{"start":{"line":82,"column":16},"end":{"line":82,"column":62}},"43":{"start":{"line":83,"column":16},"end":{"line":83,"column":22}},"44":{"start":{"line":85,"column":16},"end":{"line":85,"column":62}},"45":{"start":{"line":86,"column":16},"end":{"line":86,"column":22}},"46":{"start":{"line":88,"column":16},"end":{"line":88,"column":62}},"47":{"start":{"line":89,"column":16},"end":{"line":89,"column":22}},"48":{"start":{"line":91,"column":16},"end":{"line":93,"column":17}},"49":{"start":{"line":92,"column":20},"end":{"line":92,"column":71}},"50":{"start":{"line":94,"column":16},"end":{"line":94,"column":62}},"51":{"start":{"line":95,"column":16},"end":{"line":95,"column":22}},"52":{"start":{"line":99,"column":4},"end":{"line":99,"column":30}},"53":{"start":{"line":103,"column":4},"end":{"line":105,"column":5}},"54":{"start":{"line":104,"column":8},"end":{"line":104,"column":78}},"55":{"start":{"line":107,"column":27},"end":{"line":107,"column":61}},"56":{"start":{"line":108,"column":23},"end":{"line":108,"column":24}},"57":{"start":{"line":110,"column":4},"end":{"line":162,"column":5}},"58":{"start":{"line":110,"column":17},"end":{"line":110,"column":18}},"59":{"start":{"line":111,"column":22},"end":{"line":111,"column":38}},"60":{"start":{"line":112,"column":21},"end":{"line":112,"column":41}},"61":{"start":{"line":113,"column":21},"end":{"line":113,"column":41}},"62":{"start":{"line":115,"column":8},"end":{"line":161,"column":9}},"63":{"start":{"line":117,"column":12},"end":{"line":121,"column":13}},"64":{"start":{"line":118,"column":16},"end":{"line":120,"column":18}},"65":{"start":{"line":122,"column":15},"end":{"line":161,"column":9}},"66":{"start":{"line":123,"column":12},"end":{"line":138,"column":13}},"67":{"start":{"line":137,"column":16},"end":{"line":137,"column":76}},"68":{"start":{"line":139,"column":15},"end":{"line":161,"column":9}},"69":{"start":{"line":140,"column":12},"end":{"line":140,"column":27}},"70":{"start":{"line":142,"column":12},"end":{"line":146,"column":13}},"71":{"start":{"line":143,"column":16},"end":{"line":145,"column":18}},"72":{"start":{"line":147,"column":15},"end":{"line":161,"column":9}},"73":{"start":{"line":148,"column":12},"end":{"line":148,"column":27}},"74":{"start":{"line":149,"column":12},"end":{"line":151,"column":13}},"75":{"start":{"line":150,"column":16},"end":{"line":150,"column":58}},"76":{"start":{"line":160,"column":12},"end":{"line":160,"column":70}},"77":{"start":{"line":164,"column":4},"end":{"line":166,"column":5}},"78":{"start":{"line":165,"column":8},"end":{"line":165,"column":50}},"79":{"start":{"line":168,"column":4},"end":{"line":168,"column":25}},"80":{"start":{"line":171,"column":0},"end":{"line":175,"column":2}}},"fnMap":{"0":{"name":"infixToPostfix","decl":{"start":{"line":1,"column":9},"end":{"line":1,"column":23}},"loc":{"start":{"line":1,"column":36},"end":{"line":66,"column":1}},"line":1},"1":{"name":"evaluatePostfix","decl":{"start":{"line":68,"column":9},"end":{"line":68,"column":24}},"loc":{"start":{"line":68,"column":44},"end":{"line":100,"column":1}},"line":68},"2":{"name":"validateExpression","decl":{"start":{"line":102,"column":9},"end":{"line":102,"column":27}},"loc":{"start":{"line":102,"column":46},"end":{"line":169,"column":1}},"line":102}},"branchMap":{"0":{"loc":{"start":{"line":9,"column":8},"end":{"line":57,"column":9}},"type":"if","locations":[{"start":{"line":9,"column":8},"end":{"line":57,"column":9}},{"start":{"line":37,"column":15},"end":{"line":57,"column":9}}],"line":9},"1":{"loc":{"start":{"line":13,"column":12},"end":{"line":34,"column":13}},"type":"if","locations":[{"start":{"line":13,"column":12},"end":{"line":34,"column":13}},{"start":{},"end":{}}],"line":13},"2":{"loc":{"start":{"line":18,"column":16},"end":{"line":33,"column":17}},"type":"if","locations":[{"start":{"line":18,"column":16},"end":{"line":33,"column":17}},{"start":{"line":25,"column":23},"end":{"line":33,"column":17}}],"line":18},"3":{"loc":{"start":{"line":25,"column":23},"end":{"line":33,"column":17}},"type":"if","locations":[{"start":{"line":25,"column":23},"end":{"line":33,"column":17}},{"start":{"line":27,"column":23},"end":{"line":33,"column":17}}],"line":25},"4":{"loc":{"start":{"line":27,"column":23},"end":{"line":33,"column":17}},"type":"if","locations":[{"start":{"line":27,"column":23},"end":{"line":33,"column":17}},{"start":{"line":29,"column":23},"end":{"line":33,"column":17}}],"line":27},"5":{"loc":{"start":{"line":29,"column":23},"end":{"line":33,"column":17}},"type":"if","locations":[{"start":{"line":29,"column":23},"end":{"line":33,"column":17}},{"start":{"line":31,"column":23},"end":{"line":33,"column":17}}],"line":29},"6":{"loc":{"start":{"line":37,"column":15},"end":{"line":57,"column":9}},"type":"if","locations":[{"start":{"line":37,"column":15},"end":{"line":57,"column":9}},{"start":{"line":47,"column":15},"end":{"line":57,"column":9}}],"line":37},"7":{"loc":{"start":{"line":39,"column":16},"end":{"line":42,"column":46}},"type":"binary-expr","locations":[{"start":{"line":39,"column":16},"end":{"line":39,"column":32}},{"start":{"line":40,"column":16},"end":{"line":40,"column":55}},{"start":{"line":41,"column":16},"end":{"line":42,"column":46}}],"line":39},"8":{"loc":{"start":{"line":47,"column":15},"end":{"line":57,"column":9}},"type":"if","locations":[{"start":{"line":47,"column":15},"end":{"line":57,"column":9}},{"start":{"line":49,"column":15},"end":{"line":57,"column":9}}],"line":47},"9":{"loc":{"start":{"line":49,"column":15},"end":{"line":57,"column":9}},"type":"if","locations":[{"start":{"line":49,"column":15},"end":{"line":57,"column":9}},{"start":{},"end":{}}],"line":49},"10":{"loc":{"start":{"line":51,"column":16},"end":{"line":52,"column":55}},"type":"binary-expr","locations":[{"start":{"line":51,"column":16},"end":{"line":51,"column":32}},{"start":{"line":52,"column":16},"end":{"line":52,"column":55}}],"line":51},"11":{"loc":{"start":{"line":72,"column":8},"end":{"line":75,"column":9}},"type":"if","locations":[{"start":{"line":72,"column":8},"end":{"line":75,"column":9}},{"start":{},"end":{}}],"line":72},"12":{"loc":{"start":{"line":80,"column":8},"end":{"line":96,"column":9}},"type":"switch","locations":[{"start":{"line":81,"column":12},"end":{"line":83,"column":22}},{"start":{"line":84,"column":12},"end":{"line":86,"column":22}},{"start":{"line":87,"column":12},"end":{"line":89,"column":22}},{"start":{"line":90,"column":12},"end":{"line":95,"column":22}}],"line":80},"13":{"loc":{"start":{"line":91,"column":16},"end":{"line":93,"column":17}},"type":"if","locations":[{"start":{"line":91,"column":16},"end":{"line":93,"column":17}},{"start":{},"end":{}}],"line":91},"14":{"loc":{"start":{"line":103,"column":4},"end":{"line":105,"column":5}},"type":"if","locations":[{"start":{"line":103,"column":4},"end":{"line":105,"column":5}},{"start":{},"end":{}}],"line":103},"15":{"loc":{"start":{"line":115,"column":8},"end":{"line":161,"column":9}},"type":"if","locations":[{"start":{"line":115,"column":8},"end":{"line":161,"column":9}},{"start":{"line":122,"column":15},"end":{"line":161,"column":9}}],"line":115},"16":{"loc":{"start":{"line":117,"column":12},"end":{"line":121,"column":13}},"type":"if","locations":[{"start":{"line":117,"column":12},"end":{"line":121,"column":13}},{"start":{},"end":{}}],"line":117},"17":{"loc":{"start":{"line":117,"column":16},"end":{"line":117,"column":56}},"type":"binary-expr","locations":[{"start":{"line":117,"column":16},"end":{"line":117,"column":40}},{"start":{"line":117,"column":44},"end":{"line":117,"column":56}}],"line":117},"18":{"loc":{"start":{"line":122,"column":15},"end":{"line":161,"column":9}},"type":"if","locations":[{"start":{"line":122,"column":15},"end":{"line":161,"column":9}},{"start":{"line":139,"column":15},"end":{"line":161,"column":9}}],"line":122},"19":{"loc":{"start":{"line":123,"column":12},"end":{"line":138,"column":13}},"type":"if","locations":[{"start":{"line":123,"column":12},"end":{"line":138,"column":13}},{"start":{},"end":{}}],"line":123},"20":{"loc":{"start":{"line":125,"column":16},"end":{"line":135,"column":28}},"type":"binary-expr","locations":[{"start":{"line":125,"column":16},"end":{"line":125,"column":23}},{"start":{"line":127,"column":16},"end":{"line":127,"column":46}},{"start":{"line":129,"column":16},"end":{"line":129,"column":51}},{"start":{"line":131,"column":16},"end":{"line":131,"column":28}},{"start":{"line":133,"column":16},"end":{"line":133,"column":51}},{"start":{"line":135,"column":16},"end":{"line":135,"column":28}}],"line":125},"21":{"loc":{"start":{"line":139,"column":15},"end":{"line":161,"column":9}},"type":"if","locations":[{"start":{"line":139,"column":15},"end":{"line":161,"column":9}},{"start":{"line":147,"column":15},"end":{"line":161,"column":9}}],"line":139},"22":{"loc":{"start":{"line":142,"column":12},"end":{"line":146,"column":13}},"type":"if","locations":[{"start":{"line":142,"column":12},"end":{"line":146,"column":13}},{"start":{},"end":{}}],"line":142},"23":{"loc":{"start":{"line":142,"column":16},"end":{"line":142,"column":56}},"type":"binary-expr","locations":[{"start":{"line":142,"column":16},"end":{"line":142,"column":40}},{"start":{"line":142,"column":44},"end":{"line":142,"column":56}}],"line":142},"24":{"loc":{"start":{"line":147,"column":15},"end":{"line":161,"column":9}},"type":"if","locations":[{"start":{"line":147,"column":15},"end":{"line":161,"column":9}},{"start":{"line":158,"column":15},"end":{"line":161,"column":9}}],"line":147},"25":{"loc":{"start":{"line":149,"column":12},"end":{"line":151,"column":13}},"type":"if","locations":[{"start":{"line":149,"column":12},"end":{"line":151,"column":13}},{"start":{},"end":{}}],"line":149},"26":{"loc":{"start":{"line":164,"column":4},"end":{"line":166,"column":5}},"type":"if","locations":[{"start":{"line":164,"column":4},"end":{"line":166,"column":5}},{"start":{},"end":{}}],"line":164}},"s":{"0":18,"1":18,"2":18,"3":18,"4":18,"5":92,"6":92,"7":47,"8":47,"9":6,"10":6,"11":6,"12":1,"13":5,"14":1,"15":4,"16":1,"17":3,"18":1,"19":2,"20":47,"21":45,"22":29,"23":3,"24":29,"25":16,"26":8,"27":8,"28":8,"29":8,"30":8,"31":18,"32":18,"33":18,"34":13,"35":13,"36":47,"37":30,"38":30,"39":17,"40":17,"41":17,"42":6,"43":6,"44":1,"45":1,"46":5,"47":5,"48":5,"49":1,"50":4,"51":4,"52":12,"53":35,"54":6,"55":29,"56":29,"57":29,"58":29,"59":102,"60":102,"61":102,"62":102,"63":42,"64":1,"65":60,"66":24,"67":4,"68":36,"69":14,"70":14,"71":1,"72":22,"73":14,"74":14,"75":3,"76":8,"77":12,"78":2,"79":10,"80":1},"f":{"0":18,"1":13,"2":35},"b":{"0":[47,45],"1":[6,41],"2":[1,5],"3":[1,4],"4":[1,3],"5":[1,2],"6":[29,16],"7":[32,12,4],"8":[8,8],"9":[8,0],"10":[16,16],"11":[30,17],"12":[6,1,5,5],"13":[1,4],"14":[6,29],"15":[42,60],"16":[1,41],"17":[42,41],"18":[24,36],"19":[4,20],"20":[24,23,23,23,23,20],"21":[14,22],"22":[1,13],"23":[14,1],"24":[14,8],"25":[3,11],"26":[2,10]},"_coverageSchema":"1a1c01bbd47fc00a2c39e90264f33305004495a9","hash":"e05973758312bfded030c0553dd2649c4574fcb3"}
}
