TN:
SF:calculator.js
FN:7,calc
FNF:1
FNH:1
FNDA:2,calc
DA:5,1
DA:8,2
DA:9,1
DA:10,1
DA:13,1
LF:5
LH:5
BRF:0
BRH:0
end_of_record
TN:
SF:helpers.js
FN:1,infixToPostfix
FN:68,evaluatePostfix
FN:102,validateExpression
FNF:3
FNH:3
FNDA:18,infixToPostfix
FNDA:13,evaluatePostfix
FNDA:35,validateExpression
DA:2,18
DA:3,18
DA:4,18
DA:6,18
DA:7,92
DA:9,92
DA:10,47
DA:13,47
DA:14,6
DA:15,6
DA:18,6
DA:19,1
DA:25,5
DA:26,1
DA:27,4
DA:28,1
DA:29,3
DA:30,1
DA:32,2
DA:36,47
DA:37,45
DA:38,29
DA:44,3
DA:46,29
DA:47,16
DA:48,8
DA:49,8
DA:50,8
DA:54,8
DA:56,8
DA:61,18
DA:62,18
DA:65,18
DA:69,13
DA:71,13
DA:72,47
DA:73,30
DA:74,30
DA:77,17
DA:78,17
DA:80,17
DA:82,6
DA:83,6
DA:85,1
DA:86,1
DA:88,5
DA:89,5
DA:91,5
DA:92,1
DA:94,4
DA:95,4
DA:99,12
DA:103,35
DA:104,6
DA:107,29
DA:108,29
DA:110,29
DA:111,102
DA:112,102
DA:113,102
DA:115,102
DA:117,42
DA:118,1
DA:122,60
DA:123,24
DA:137,4
DA:139,36
DA:140,14
DA:142,14
DA:143,1
DA:147,22
DA:148,14
DA:149,14
DA:150,3
DA:160,8
DA:164,12
DA:165,2
DA:168,10
DA:171,1
LF:79
LH:79
BRDA:9,0,0,47
BRDA:9,0,1,45
BRDA:13,1,0,6
BRDA:13,1,1,41
BRDA:18,2,0,1
BRDA:18,2,1,5
BRDA:25,3,0,1
BRDA:25,3,1,4
BRDA:27,4,0,1
BRDA:27,4,1,3
BRDA:29,5,0,1
BRDA:29,5,1,2
BRDA:37,6,0,29
BRDA:37,6,1,16
BRDA:39,7,0,32
BRDA:39,7,1,12
BRDA:39,7,2,4
BRDA:47,8,0,8
BRDA:47,8,1,8
BRDA:49,9,0,8
BRDA:49,9,1,0
BRDA:51,10,0,16
BRDA:51,10,1,16
BRDA:72,11,0,30
BRDA:72,11,1,17
BRDA:80,12,0,6
BRDA:80,12,1,1
BRDA:80,12,2,5
BRDA:80,12,3,5
BRDA:91,13,0,1
BRDA:91,13,1,4
BRDA:103,14,0,6
BRDA:103,14,1,29
BRDA:115,15,0,42
BRDA:115,15,1,60
BRDA:117,16,0,1
BRDA:117,16,1,41
BRDA:117,17,0,42
BRDA:117,17,1,41
BRDA:122,18,0,24
BRDA:122,18,1,36
BRDA:123,19,0,4
BRDA:123,19,1,20
BRDA:125,20,0,24
BRDA:125,20,1,23
BRDA:125,20,2,23
BRDA:125,20,3,23
BRDA:125,20,4,23
BRDA:125,20,5,20
BRDA:139,21,0,14
BRDA:139,21,1,22
BRDA:142,22,0,1
BRDA:142,22,1,13
BRDA:142,23,0,14
BRDA:142,23,1,1
BRDA:147,24,0,14
BRDA:147,24,1,8
BRDA:149,25,0,3
BRDA:149,25,1,11
BRDA:164,26,0,2
BRDA:164,26,1,10
BRF:61
BRH:60
end_of_record
